
Warning: due to a long standing Gtk+ bug
http://bugzilla.gnome.org/show_bug.cgi?id=85715
Emacs might crash when run in daemon mode and the X11 connection is unexpectedly lost.
Using an Emacs configured with --with-x-toolkit=lucid does not have this problem.
Loading 00debian-vars...
Loading 00debian-vars...done
Loading /etc/emacs/site-start.d/50asymptote.el (source)...
Loading /etc/emacs/site-start.d/50asymptote.el (source)...done
Loading /etc/emacs/site-start.d/50cmake-data.el (source)...
Loading /etc/emacs/site-start.d/50cmake-data.el (source)...done
Loading /etc/emacs/site-start.d/50dictionaries-common.el (source)...
Loading debian-ispell...
Loading /var/cache/dictionaries-common/emacsen-ispell-default.el (source)...
Loading /var/cache/dictionaries-common/emacsen-ispell-default.el (source)...done
Loading debian-ispell...done
Loading /var/cache/dictionaries-common/emacsen-ispell-dicts.el (source)...
Loading /var/cache/dictionaries-common/emacsen-ispell-dicts.el (source)...done
Loading /etc/emacs/site-start.d/50dictionaries-common.el (source)...done
Loading /etc/emacs/site-start.d/50python-docutils.el (source)...
Loading /etc/emacs/site-start.d/50python-docutils.el (source)...done
Loading /etc/emacs/site-start.d/50texlive-lang-english.el (source)...
Loading /etc/emacs/site-start.d/50texlive-lang-english.el (source)...done
Loading /home/francesca/emacsDownloads/matlab-emacs-src/matlab-load.el (source)...
Loading /home/francesca/emacsDownloads/matlab-emacs-src/matlab-load.el (source)...done
Loading /home/francesca/matlab-init.el (source)...
Loading /home/francesca/matlab-init.el (source)...done
Starting Emacs daemon.
